[INFO] Scanning for projects...
[INFO] ------------------------------------------------------------------------
[INFO] Reactor Build Order:
[INFO] 
[INFO] SousEntendu
[INFO] devops
[INFO] island
[INFO]                                                                         
[INFO] ------------------------------------------------------------------------
[INFO] Building SousEntendu 0.1
[INFO] ------------------------------------------------------------------------
[INFO] 
[INFO] --- maven-clean-plugin:2.5:clean (default-clean) @ 3 ---
[INFO]                                                                         
[INFO] ------------------------------------------------------------------------
[INFO] Building devops 0.1-devops
[INFO] ------------------------------------------------------------------------
[INFO] 
[INFO] --- maven-clean-plugin:2.5:clean (default-clean) @ devops ---
[INFO] Deleting /media/Data/workspace/Polytech/DevOps/DevOps2017/devops/target
[INFO] 
[INFO] --- maven-resources-plugin:2.6:resources (default-resources) @ devops ---
[WARNING] Using platform encoding (UTF-8 actually) to copy filtered resources, i.e. build is platform dependent!
[INFO] skip non existing resourceDirectory /media/Data/workspace/Polytech/DevOps/DevOps2017/devops/src/main/resources
[INFO] 
[INFO] --- maven-compiler-plugin:3.2:compile (default-compile) @ devops ---
[INFO] Changes detected - recompiling the module!
[WARNING] File encoding has not been set, using platform encoding UTF-8, i.e. build is platform dependent!
[INFO] Compiling 1 source file to /media/Data/workspace/Polytech/DevOps/DevOps2017/devops/target/classes
[INFO] 
[INFO] --- maven-resources-plugin:2.6:testResources (default-testResources) @ devops ---
[WARNING] Using platform encoding (UTF-8 actually) to copy filtered resources, i.e. build is platform dependent!
[INFO] skip non existing resourceDirectory /media/Data/workspace/Polytech/DevOps/DevOps2017/devops/src/test/resources
[INFO] 
[INFO] --- maven-compiler-plugin:3.2:testCompile (default-testCompile) @ devops ---
[INFO] No sources to compile
[INFO] 
[INFO] --- maven-surefire-plugin:2.17:test (default-test) @ devops ---
[INFO] No tests to run.
[INFO] 
[INFO] --- maven-jar-plugin:2.4:jar (default-jar) @ devops ---
[INFO] Building jar: /media/Data/workspace/Polytech/DevOps/DevOps2017/devops/target/devops-0.1-devops.jar
[INFO]                                                                         
[INFO] ------------------------------------------------------------------------
[INFO] Building island 0.1-island
[INFO] ------------------------------------------------------------------------
[INFO] 
[INFO] --- maven-clean-plugin:2.5:clean (default-clean) @ island ---
[INFO] Deleting /media/Data/workspace/Polytech/DevOps/DevOps2017/island/target
[INFO] 
[INFO] --- spoon-maven-plugin:2.4.1:generate (default) @ island ---
2017-02-10 14:56:42,467 INFO spoon.Launcher - Spoon version 5.5.0
2017-02-10 14:56:42,468 INFO spoon.Launcher - running Spoon...
2017-02-10 14:56:42,469 INFO spoon.Launcher - start processing...
2017-02-10 14:56:45,622 INFO spoon.Launcher - spoon.processors.CatchProcessor
2017-02-10 14:56:45,696 WARN spoon.Launcher - warning: empty catch clause at fr.unice.polytech.qgl.qcd.Explorer.acknowledgeResults(Explorer.java:58)
2017-02-10 14:56:45,702 INFO spoon.Launcher - spoon.support.JavaOutputProcessor
2017-02-10 14:56:46,648 INFO spoon.Launcher - end of processing: 
2017-02-10 14:56:46,654 INFO spoon.Launcher - 1 warning
2017-02-10 14:56:46,654 INFO spoon.Launcher - 

[INFO] 
[INFO] --- maven-resources-plugin:2.6:resources (default-resources) @ island ---
[INFO] Using 'UTF-8' encoding to copy filtered resources.
[INFO] skip non existing resourceDirectory /media/Data/workspace/Polytech/DevOps/DevOps2017/island/src/main/resources
[INFO] 
[INFO] --- maven-compiler-plugin:3.2:compile (default-compile) @ island ---
[INFO] Changes detected - recompiling the module!
[INFO] Compiling 47 source files to /media/Data/workspace/Polytech/DevOps/DevOps2017/island/target/classes
[INFO] /media/Data/workspace/Polytech/DevOps/DevOps2017/island/target/generated-sources/spoon/fr/unice/polytech/qgl/qcd/progress/Inventory.java: Some input files use unchecked or unsafe operations.
[INFO] /media/Data/workspace/Polytech/DevOps/DevOps2017/island/target/generated-sources/spoon/fr/unice/polytech/qgl/qcd/progress/Inventory.java: Recompile with -Xlint:unchecked for details.
[INFO] 
[INFO] --- maven-resources-plugin:2.6:testResources (default-testResources) @ island ---
[INFO] Using 'UTF-8' encoding to copy filtered resources.
[INFO] skip non existing resourceDirectory /media/Data/workspace/Polytech/DevOps/DevOps2017/island/src/test/resources
[INFO] 
[INFO] --- maven-compiler-plugin:3.2:testCompile (default-testCompile) @ island ---
[INFO] Changes detected - recompiling the module!
[INFO] Compiling 39 source files to /media/Data/workspace/Polytech/DevOps/DevOps2017/island/target/test-classes
[INFO] /media/Data/workspace/Polytech/DevOps/DevOps2017/island/src/test/java/fr/unice/polytech/qgl/qcd/brain/groundBrain/groundPhase/HarvestPhase2Test.java: Some input files use unchecked or unsafe operations.
[INFO] /media/Data/workspace/Polytech/DevOps/DevOps2017/island/src/test/java/fr/unice/polytech/qgl/qcd/brain/groundBrain/groundPhase/HarvestPhase2Test.java: Recompile with -Xlint:unchecked for details.
[INFO] 
[INFO] --- maven-surefire-plugin:2.17:test (default-test) @ island ---
[INFO] Surefire report directory: /media/Data/workspace/Polytech/DevOps/DevOps2017/island/target/surefire-reports

-------------------------------------------------------
 T E S T S
-------------------------------------------------------
Running fr.unice.polytech.qgl.qcd.action.EchoTest
Tests run: 2, Failures: 0, Errors: 0, Skipped: 0, Time elapsed: 1.192 sec - in fr.unice.polytech.qgl.qcd.action.EchoTest
Running fr.unice.polytech.qgl.qcd.action.ExploitTest
Tests run: 2, Failures: 0, Errors: 0, Skipped: 0, Time elapsed: 0.011 sec - in fr.unice.polytech.qgl.qcd.action.ExploitTest
Running fr.unice.polytech.qgl.qcd.action.ExploreTest
Tests run: 2, Failures: 0, Errors: 0, Skipped: 0, Time elapsed: 0 sec - in fr.unice.polytech.qgl.qcd.action.ExploreTest
Running fr.unice.polytech.qgl.qcd.action.FlyTest
Tests run: 1, Failures: 0, Errors: 0, Skipped: 0, Time elapsed: 0.001 sec - in fr.unice.polytech.qgl.qcd.action.FlyTest
Running fr.unice.polytech.qgl.qcd.action.GlimpseTest
Tests run: 3, Failures: 0, Errors: 0, Skipped: 0, Time elapsed: 0.001 sec - in fr.unice.polytech.qgl.qcd.action.GlimpseTest
Running fr.unice.polytech.qgl.qcd.action.HeadingTest
Tests run: 2, Failures: 0, Errors: 0, Skipped: 0, Time elapsed: 0.002 sec - in fr.unice.polytech.qgl.qcd.action.HeadingTest
Running fr.unice.polytech.qgl.qcd.action.LandTest
Tests run: 1, Failures: 0, Errors: 0, Skipped: 0, Time elapsed: 0 sec - in fr.unice.polytech.qgl.qcd.action.LandTest
Running fr.unice.polytech.qgl.qcd.action.MoveToTest
Tests run: 3, Failures: 0, Errors: 0, Skipped: 0, Time elapsed: 0 sec - in fr.unice.polytech.qgl.qcd.action.MoveToTest
Running fr.unice.polytech.qgl.qcd.action.ScanTest
Tests run: 1, Failures: 0, Errors: 0, Skipped: 0, Time elapsed: 0 sec - in fr.unice.polytech.qgl.qcd.action.ScanTest
Running fr.unice.polytech.qgl.qcd.action.ScoutTest
Tests run: 1, Failures: 0, Errors: 0, Skipped: 0, Time elapsed: 0 sec - in fr.unice.polytech.qgl.qcd.action.ScoutTest
Running fr.unice.polytech.qgl.qcd.action.TransformTest
Tests run: 2, Failures: 0, Errors: 0, Skipped: 0, Time elapsed: 0.001 sec - in fr.unice.polytech.qgl.qcd.action.TransformTest
Running fr.unice.polytech.qgl.qcd.brain.BrainTest
Tests run: 1, Failures: 0, Errors: 0, Skipped: 0, Time elapsed: 0 sec - in fr.unice.polytech.qgl.qcd.brain.BrainTest
Running fr.unice.polytech.qgl.qcd.brain.flyBrain.FlyBrainTest
Tests run: 2, Failures: 0, Errors: 0, Skipped: 0, Time elapsed: 0.001 sec - in fr.unice.polytech.qgl.qcd.brain.flyBrain.FlyBrainTest
Running fr.unice.polytech.qgl.qcd.brain.flyBrain.flyPhase.FindDimensionTest
Tests run: 1, Failures: 0, Errors: 0, Skipped: 0, Time elapsed: 0 sec - in fr.unice.polytech.qgl.qcd.brain.flyBrain.flyPhase.FindDimensionTest
Running fr.unice.polytech.qgl.qcd.brain.flyBrain.flyPhase.FindLandTest
Tests run: 1, Failures: 0, Errors: 0, Skipped: 0, Time elapsed: 0.001 sec - in fr.unice.polytech.qgl.qcd.brain.flyBrain.flyPhase.FindLandTest
Running fr.unice.polytech.qgl.qcd.brain.flyBrain.flyPhase.FirstHeadingTest
Tests run: 1, Failures: 0, Errors: 0, Skipped: 0, Time elapsed: 0 sec - in fr.unice.polytech.qgl.qcd.brain.flyBrain.flyPhase.FirstHeadingTest
Running fr.unice.polytech.qgl.qcd.brain.flyBrain.flyPhase.FlyOverTest
Tests run: 2, Failures: 0, Errors: 0, Skipped: 0, Time elapsed: 0.001 sec - in fr.unice.polytech.qgl.qcd.brain.flyBrain.flyPhase.FlyOverTest
Running fr.unice.polytech.qgl.qcd.brain.flyBrain.flyPhase.GoBackTest
Tests run: 2, Failures: 0, Errors: 0, Skipped: 0, Time elapsed: 0.003 sec - in fr.unice.polytech.qgl.qcd.brain.flyBrain.flyPhase.GoBackTest
Running fr.unice.polytech.qgl.qcd.brain.flyBrain.flyPhase.ReachLandTest
Tests run: 1, Failures: 0, Errors: 0, Skipped: 0, Time elapsed: 0.002 sec - in fr.unice.polytech.qgl.qcd.brain.flyBrain.flyPhase.ReachLandTest
Running fr.unice.polytech.qgl.qcd.brain.flyBrain.flyPhase.StopBrainPhaseTest
Tests run: 1, Failures: 0, Errors: 0, Skipped: 0, Time elapsed: 0.001 sec - in fr.unice.polytech.qgl.qcd.brain.flyBrain.flyPhase.StopBrainPhaseTest
Running fr.unice.polytech.qgl.qcd.brain.groundBrain.groundPhase.HarvestPhase1Test
Tests run: 2, Failures: 0, Errors: 0, Skipped: 0, Time elapsed: 0.013 sec - in fr.unice.polytech.qgl.qcd.brain.groundBrain.groundPhase.HarvestPhase1Test
Running fr.unice.polytech.qgl.qcd.brain.groundBrain.groundPhase.HarvestPhase2Test
Tests run: 2, Failures: 0, Errors: 0, Skipped: 0, Time elapsed: 0.033 sec - in fr.unice.polytech.qgl.qcd.brain.groundBrain.groundPhase.HarvestPhase2Test
Running fr.unice.polytech.qgl.qcd.brain.groundBrain.groundPhase.ReachBiomeTest
Tests run: 2, Failures: 0, Errors: 0, Skipped: 0, Time elapsed: 0.011 sec - in fr.unice.polytech.qgl.qcd.brain.groundBrain.groundPhase.ReachBiomeTest
Running fr.unice.polytech.qgl.qcd.database.BiomeTest
Tests run: 3, Failures: 0, Errors: 0, Skipped: 0, Time elapsed: 0.006 sec - in fr.unice.polytech.qgl.qcd.database.BiomeTest
Running fr.unice.polytech.qgl.qcd.database.ContextTest
Tests run: 3, Failures: 0, Errors: 0, Skipped: 0, Time elapsed: 0.015 sec - in fr.unice.polytech.qgl.qcd.database.ContextTest
Running fr.unice.polytech.qgl.qcd.database.CreekTest
Tests run: 1, Failures: 0, Errors: 0, Skipped: 0, Time elapsed: 0.001 sec - in fr.unice.polytech.qgl.qcd.database.CreekTest
Running fr.unice.polytech.qgl.qcd.database.DirectionTest
Tests run: 3, Failures: 0, Errors: 0, Skipped: 0, Time elapsed: 0.002 sec - in fr.unice.polytech.qgl.qcd.database.DirectionTest
Running fr.unice.polytech.qgl.qcd.database.PositionTest
Tests run: 2, Failures: 0, Errors: 0, Skipped: 0, Time elapsed: 0 sec - in fr.unice.polytech.qgl.qcd.database.PositionTest
Running fr.unice.polytech.qgl.qcd.database.ResourceTest
Tests run: 2, Failures: 0, Errors: 0, Skipped: 0, Time elapsed: 0.001 sec - in fr.unice.polytech.qgl.qcd.database.ResourceTest
Running fr.unice.polytech.qgl.qcd.ExplorerTest
Tests run: 1, Failures: 0, Errors: 0, Skipped: 0, Time elapsed: 0.175 sec - in fr.unice.polytech.qgl.qcd.ExplorerTest
Running fr.unice.polytech.qgl.qcd.map.IslandCellTest
Tests run: 4, Failures: 0, Errors: 0, Skipped: 0, Time elapsed: 0.006 sec - in fr.unice.polytech.qgl.qcd.map.IslandCellTest
Running fr.unice.polytech.qgl.qcd.map.IslandMapTest
Tests run: 15, Failures: 0, Errors: 0, Skipped: 0, Time elapsed: 0.465 sec - in fr.unice.polytech.qgl.qcd.map.IslandMapTest
Running fr.unice.polytech.qgl.qcd.progress.CalculatorTest
Tests run: 7, Failures: 0, Errors: 0, Skipped: 0, Time elapsed: 0.019 sec - in fr.unice.polytech.qgl.qcd.progress.CalculatorTest
Running fr.unice.polytech.qgl.qcd.progress.ContractTest
Tests run: 4, Failures: 0, Errors: 0, Skipped: 0, Time elapsed: 0.007 sec - in fr.unice.polytech.qgl.qcd.progress.ContractTest
Running fr.unice.polytech.qgl.qcd.progress.FactoryTest
Tests run: 5, Failures: 0, Errors: 0, Skipped: 0, Time elapsed: 0.006 sec - in fr.unice.polytech.qgl.qcd.progress.FactoryTest
Running fr.unice.polytech.qgl.qcd.progress.InventoryTest
Tests run: 5, Failures: 0, Errors: 0, Skipped: 0, Time elapsed: 0.032 sec - in fr.unice.polytech.qgl.qcd.progress.InventoryTest
Running fr.unice.polytech.qgl.qcd.progress.ProgressTest
Tests run: 4, Failures: 0, Errors: 0, Skipped: 0, Time elapsed: 0.006 sec - in fr.unice.polytech.qgl.qcd.progress.ProgressTest

Results :

Tests run: 97, Failures: 0, Errors: 0, Skipped: 0

[INFO] 
[INFO] --- maven-jar-plugin:2.4:jar (default-jar) @ island ---
[INFO] Building jar: /media/Data/workspace/Polytech/DevOps/DevOps2017/island/target/island-0.1-island.jar
[INFO] ------------------------------------------------------------------------
[INFO] Reactor Summary:
[INFO] 
[INFO] SousEntendu ........................................ SUCCESS [  0.233 s]
[INFO] devops ............................................. SUCCESS [  3.004 s]
[INFO] island ............................................. SUCCESS [ 15.099 s]
[INFO] ------------------------------------------------------------------------
[INFO] BUILD SUCCESS
[INFO] ------------------------------------------------------------------------
[INFO] Total time: 18.554 s
[INFO] Finished at: 2017-02-10T14:56:55+01:00
[INFO] Final Memory: 25M/285M
[INFO] ------------------------------------------------------------------------
